<?xml version="1.0" encoding="UTF-8"?>
<!-- Generated by org.testng.reporters.JUnitReportReporter -->
<testsuite skipped="0" hostname="Tushar-Patil" name="com.qa.test.RegisterTest" tests="1" failures="0" timestamp="2019-11-10T16:04:05 IST" time="12.312" errors="0">
  <testcase name="registetrpagetest" time="12.312" classname="com.qa.test.RegisterTest"/>
</testsuite> <!-- com.qa.test.RegisterTest -->
