<?xml version="1.0" encoding="UTF-8"?>
<!-- Generated by org.testng.reporters.JUnitReportReporter -->
<testsuite skipped="0" hostname="Tushar-Patil" name="com.qa.test.RegisterTest" tests="11" failures="0" timestamp="2019-11-12T19:21:31 IST" time="60.777" errors="0">
  <testcase name="registetrpagetest" time="3.925" classname="com.qa.test.RegisterTest"/>
  <testcase name="registetrpagetest" time="3.647" classname="com.qa.test.RegisterTest"/>
  <testcase name="registetrpagetest" time="3.820" classname="com.qa.test.RegisterTest"/>
  <testcase name="registetrpagetest" time="5.315" classname="com.qa.test.RegisterTest"/>
  <testcase name="registetrpagetest" time="4.222" classname="com.qa.test.RegisterTest"/>
  <testcase name="registetrpagetest" time="3.840" classname="com.qa.test.RegisterTest"/>
  <testcase name="registetrpagetest" time="3.941" classname="com.qa.test.RegisterTest"/>
  <testcase name="registetrpagetest" time="18.719" classname="com.qa.test.RegisterTest"/>
  <testcase name="registetrpagetest" time="4.884" classname="com.qa.test.RegisterTest"/>
  <testcase name="registetrpagetest" time="4.515" classname="com.qa.test.RegisterTest"/>
  <testcase name="registetrpagetest" time="3.949" classname="com.qa.test.RegisterTest"/>
</testsuite> <!-- com.qa.test.RegisterTest -->
