<?xml version="1.0" encoding="UTF-8"?>
<!-- Generated by org.testng.reporters.JUnitReportReporter -->
<testsuite skipped="0" hostname="Tushar-Patil" name="com.qa.test.LoginPageTest" tests="1" failures="0" timestamp="2019-11-10T15:13:49 IST" time="15.898" errors="0">
  <testcase name="loginTest" time="15.898" classname="com.qa.test.LoginPageTest"/>
</testsuite> <!-- com.qa.test.LoginPageTest -->
