<?xml version="1.0" encoding="UTF-8"?>
<!-- Generated by org.testng.reporters.JUnitReportReporter -->
<testsuite skipped="0" hostname="Tushar-Patil" name="com.qa.test.RegisterTest" tests="11" failures="0" timestamp="2019-11-11T20:28:10 IST" time="43.766" errors="0">
  <testcase name="registetrpagetest" time="3.615" classname="com.qa.test.RegisterTest"/>
  <testcase name="registetrpagetest" time="3.506" classname="com.qa.test.RegisterTest"/>
  <testcase name="registetrpagetest" time="3.655" classname="com.qa.test.RegisterTest"/>
  <testcase name="registetrpagetest" time="3.749" classname="com.qa.test.RegisterTest"/>
  <testcase name="registetrpagetest" time="3.398" classname="com.qa.test.RegisterTest"/>
  <testcase name="registetrpagetest" time="3.664" classname="com.qa.test.RegisterTest"/>
  <testcase name="registetrpagetest" time="5.110" classname="com.qa.test.RegisterTest"/>
  <testcase name="registetrpagetest" time="4.780" classname="com.qa.test.RegisterTest"/>
  <testcase name="registetrpagetest" time="3.743" classname="com.qa.test.RegisterTest"/>
  <testcase name="registetrpagetest" time="4.982" classname="com.qa.test.RegisterTest"/>
  <testcase name="registetrpagetest" time="3.564" classname="com.qa.test.RegisterTest"/>
</testsuite> <!-- com.qa.test.RegisterTest -->
