<?xml version="1.0" encoding="UTF-8"?>
<!-- Generated by org.testng.reporters.JUnitReportReporter -->
<testsuite skipped="0" hostname="Tushar-Patil" name="com.qa.test.RegisterTest" tests="1" failures="0" timestamp="2019-11-11T20:08:47 IST" time="4.549" errors="0">
  <testcase name="registetrpagetest" time="4.549" classname="com.qa.test.RegisterTest"/>
</testsuite> <!-- com.qa.test.RegisterTest -->
