<?xml version="1.0" encoding="UTF-8"?>
<!-- Generated by org.testng.reporters.JUnitReportReporter -->
<testsuite skipped="0" hostname="Tushar-Patil" name="com.qa.test.RegisterTest" tests="11" failures="0" timestamp="2019-11-11T20:17:51 IST" time="51.450" errors="0">
  <testcase name="registetrpagetest" time="9.123" classname="com.qa.test.RegisterTest"/>
  <testcase name="registetrpagetest" time="4.251" classname="com.qa.test.RegisterTest"/>
  <testcase name="registetrpagetest" time="3.991" classname="com.qa.test.RegisterTest"/>
  <testcase name="registetrpagetest" time="3.913" classname="com.qa.test.RegisterTest"/>
  <testcase name="registetrpagetest" time="4.261" classname="com.qa.test.RegisterTest"/>
  <testcase name="registetrpagetest" time="4.380" classname="com.qa.test.RegisterTest"/>
  <testcase name="registetrpagetest" time="4.508" classname="com.qa.test.RegisterTest"/>
  <testcase name="registetrpagetest" time="4.295" classname="com.qa.test.RegisterTest"/>
  <testcase name="registetrpagetest" time="4.753" classname="com.qa.test.RegisterTest"/>
  <testcase name="registetrpagetest" time="3.963" classname="com.qa.test.RegisterTest"/>
  <testcase name="registetrpagetest" time="4.012" classname="com.qa.test.RegisterTest"/>
</testsuite> <!-- com.qa.test.RegisterTest -->
